0 info it worked if it ends with ok
1 verbose cli [ '/usr/bin/nodejs', '/usr/bin/npm', 'publish', './' ]
2 info using npm@3.5.2
3 info using node@v4.2.6
4 verbose publish [ './' ]
5 silly cache add args [ './', null ]
6 verbose cache add spec ./
7 silly cache add parsed spec Result {
7 silly cache add   raw: './',
7 silly cache add   scope: null,
7 silly cache add   name: null,
7 silly cache add   rawSpec: './',
7 silly cache add   spec: '/home/nrgie/GENESIS/testar/3dholoar/plugins/com.ezartech.ezar.videooverlay/src/android',
7 silly cache add   type: 'local' }
8 error addLocal Could not install /home/nrgie/GENESIS/testar/3dholoar/plugins/com.ezartech.ezar.videooverlay/src/android
9 verbose stack Error: EISDIR: illegal operation on a directory, read
9 verbose stack     at Error (native)
10 verbose cwd /home/nrgie/GENESIS/testar/3dholoar/plugins/com.ezartech.ezar.videooverlay/src/android
11 error Linux 4.4.0-31-generic
12 error argv "/usr/bin/nodejs" "/usr/bin/npm" "publish" "./"
13 error node v4.2.6
14 error npm  v3.5.2
15 error code EISDIR
16 error errno -21
17 error syscall read
18 error eisdir EISDIR: illegal operation on a directory, read
19 error eisdir This is most likely not a problem with npm itself
19 error eisdir and is related to npm not being able to find a package.json in
19 error eisdir a package you are trying to install.
20 verbose exit [ -21, true ]
